<?xml version="1.0" encoding="UTF-8"?>
<!-- Generated by org.testng.reporters.JUnitReportReporter -->
<testsuite hostname="LAPTOP-34JQ347O" failures="0" tests="1" name="test.Test" time="16.918" errors="0" timestamp="2024-04-21T11:20:59 IST" skipped="0">
  <testcase classname="test.Test" name="test" time="16.918"/>
</testsuite> <!-- test.Test -->
