<?xml version="1.0" encoding="UTF-8"?>
<!-- Generated by org.testng.reporters.JUnitReportReporter -->
<testsuite hostname="LAPTOP-34JQ347O" failures="0" tests="1" name="test.TestUsingPageObjectModule" time="13.192" errors="0" timestamp="2024-04-21T13:10:38 IST" skipped="0">
  <testcase classname="test.TestUsingPageObjectModule" name="testUsingPageObjectModule" time="13.192"/>
</testsuite> <!-- test.TestUsingPageObjectModule -->
